#
# A fatal error has been detected by the Java Runtime Environment:
#
#  Internal Error (exceptions.cpp:519), pid=10204, tid=6388
#  fatal error: ExceptionMark destructor expects no pending exceptions
#
# JRE version: Java(TM) SE Runtime Environment (16.0.2+7) (build 16.0.2+7-67)
# Java VM: Java HotSpot(TM) 64-Bit Server VM (16.0.2+7-67, mixed mode, sharing, tiered, compressed oops, compressed class ptrs, g1 gc, windows-amd64)
# No core dump will be written. Minidumps are not enabled by default on client versions of Windows
#
# If you would like to submit a bug report, please visit:
#   https://bugreport.java.com/bugreport/crash.jsp
#

---------------  S U M M A R Y ------------

Command Line: -Dfile.encoding=UTF-8 -agentlib:jdwp=transport=dt_shmem,address=javadebug Interface.Login

Host: Intel(R) Core(TM) i7-4800MQ CPU @ 2.70GHz, 8 cores, 7G,  Windows 10 , 64 bit Build 19041 (10.0.19041.1202)
Time: Mon Oct 11 21:51:48 2021 SE Asia Standard Time elapsed time: 11.224263 seconds (0d 0h 0m 11s)

---------------  T H R E A D  ---------------

Current thread (0x000002651f2602a0):  JavaThread "Thread-1" [_thread_in_vm, id=6388, stack(0x000000dde4b00000,0x000000dde4c00000)]

Stack: [0x000000dde4b00000,0x000000dde4c00000]
Native frames: (J=compiled Java code, j=interpreted, Vv=VM code, C=native code)
V  [jvm.dll+0x6681ca]
V  [jvm.dll+0x7c9e69]
V  [jvm.dll+0x7cb61e]
V  [jvm.dll+0x7cbc27]
V  [jvm.dll+0x2429b3]
V  [jvm.dll+0x2b5266]
V  [jvm.dll+0x516b46]
V  [jvm.dll+0x3766ee]
C  0x00000265076ce40a

Java frames: (J=compiled Java code, j=interpreted, Vv=VM code)
j  sun.nio.ch.NioSocketImpl.tryRead(Ljava/io/FileDescriptor;[BII)I+86 java.base@16.0.2
j  sun.nio.ch.NioSocketImpl.implRead([BII)I+99 java.base@16.0.2
j  sun.nio.ch.NioSocketImpl.read([BII)I+54 java.base@16.0.2
j  sun.nio.ch.NioSocketImpl$1.read([BII)I+7 java.base@16.0.2
j  java.net.Socket$SocketInputStream.read([BII)I+7 java.base@16.0.2
j  java.net.Socket$SocketInputStream.read()I+8 java.base@16.0.2
j  java.io.DataInputStream.readUnsignedShort()I+4 java.base@16.0.2
j  java.io.DataInputStream.readUTF(Ljava/io/DataInput;)Ljava/lang/String;+1 java.base@16.0.2
j  java.io.DataInputStream.readUTF()Ljava/lang/String;+1 java.base@16.0.2
j  Core.ClientManager$1.run()V+7
j  java.lang.Thread.run()V+11 java.base@16.0.2
v  ~StubRoutines::call_stub

---------------  P R O C E S S  ---------------

Threads class SMR info:
_java_thread_list=0x00000265205bf340, length=23, elements={
0x000002651e722af0, 0x000002651e724060, 0x000002651e72f2b0, 0x000002651e732be0,
0x000002651e736cb0, 0x000002651e73b260, 0x000002651e73e730, 0x000002651e73c010,
0x000002651e73cd50, 0x000002651f1d5bc0, 0x000002651f1d4560, 0x000002651f1e69f0,
0x000002651f1f2380, 0x000002651f225cd0, 0x000002651f25e2c0, 0x000002651f25f800,
0x000002651f25f2b0, 0x000002651f25e810, 0x000002651f25fd50, 0x000002651f2607f0,
0x000002651f25ed60, 0x000002651f2602a0, 0x000002651f261290
}

Java Threads: ( => current thread )
  0x000002651e722af0 JavaThread "Reference Handler" daemon [_thread_blocked, id=6728, stack(0x000000dde3300000,0x000000dde3400000)]
  0x000002651e724060 JavaThread "Finalizer" daemon [_thread_blocked, id=13752, stack(0x000000dde3400000,0x000000dde3500000)]
  0x000002651e72f2b0 JavaThread "Signal Dispatcher" daemon [_thread_blocked, id=2524, stack(0x000000dde3500000,0x000000dde3600000)]
  0x000002651e732be0 JavaThread "Attach Listener" daemon [_thread_blocked, id=2980, stack(0x000000dde3600000,0x000000dde3700000)]
  0x000002651e736cb0 JavaThread "Service Thread" daemon [_thread_blocked, id=7704, stack(0x000000dde3700000,0x000000dde3800000)]
  0x000002651e73b260 JavaThread "Monitor Deflation Thread" daemon [_thread_blocked, id=248, stack(0x000000dde3800000,0x000000dde3900000)]
  0x000002651e73e730 JavaThread "C2 CompilerThread0" daemon [_thread_blocked, id=8812, stack(0x000000dde3900000,0x000000dde3a00000)]
  0x000002651e73c010 JavaThread "C1 CompilerThread0" daemon [_thread_blocked, id=416, stack(0x000000dde3a00000,0x000000dde3b00000)]
  0x000002651e73cd50 JavaThread "Sweeper thread" daemon [_thread_blocked, id=8840, stack(0x000000dde3b00000,0x000000dde3c00000)]
  0x000002651f1d5bc0 JavaThread "JDWP Transport Listener: dt_shmem" daemon [_thread_blocked, id=2832, stack(0x000000dde3c00000,0x000000dde3d00000)]
  0x000002651f1d4560 JavaThread "JDWP Event Helper Thread" daemon [_thread_blocked, id=10644, stack(0x000000dde3d00000,0x000000dde3e00000)]
  0x000002651f1e69f0 JavaThread "JDWP Command Reader" daemon [_thread_in_native, id=4244, stack(0x000000dde3e00000,0x000000dde3f00000)]
  0x000002651f1f2380 JavaThread "Notification Thread" daemon [_thread_blocked, id=12572, stack(0x000000dde3f00000,0x000000dde4000000)]
  0x000002651f225cd0 JavaThread "Common-Cleaner" daemon [_thread_blocked, id=888, stack(0x000000dde4100000,0x000000dde4200000)]
  0x000002651f25e2c0 JavaThread "Java2D Disposer" daemon [_thread_blocked, id=4756, stack(0x000000dde4200000,0x000000dde4300000)]
  0x000002651f25f800 JavaThread "AWT-Shutdown" [_thread_blocked, id=9056, stack(0x000000dde4300000,0x000000dde4400000)]
  0x000002651f25f2b0 JavaThread "AWT-Windows" daemon [_thread_in_native, id=11724, stack(0x000000dde4400000,0x000000dde4500000)]
  0x000002651f25e810 JavaThread "AWT-EventQueue-0" [_thread_blocked, id=6892, stack(0x000000dde4500000,0x000000dde4600000)]
  0x000002651f25fd50 JavaThread "DestroyJavaVM" [_thread_blocked, id=6516, stack(0x000000dde2c00000,0x000000dde2d00000)]
  0x000002651f2607f0 JavaThread "org.netbeans.modules.debugger.jpda.visual AWT Access Loop" daemon [_thread_blocked, id=8352, stack(0x000000dde4600000,0x000000dde4700000)]
  0x000002651f25ed60 JavaThread "TimerQueue" daemon [_thread_blocked, id=9624, stack(0x000000dde4a00000,0x000000dde4b00000)]
=>0x000002651f2602a0 JavaThread "Thread-1" [_thread_in_vm, id=6388, stack(0x000000dde4b00000,0x000000dde4c00000)]
  0x000002651f261290 JavaThread "Thread-2" [_thread_blocked, id=7568, stack(0x000000dde4c00000,0x000000dde4d00000)]

Other Threads:
  0x000002651e71c7e0 VMThread "VM Thread" [stack: 0x000000dde3200000,0x000000dde3300000] [id=2648] _threads_hazard_ptr=0x00000265205bf340
  0x000002651f213660 WatcherThread [stack: 0x000000dde4000000,0x000000dde4100000] [id=6268]
  0x000002657defae50 GCTaskThread "GC Thread#0" [stack: 0x000000dde2d00000,0x000000dde2e00000] [id=13720]
  0x000002657df0caf0 ConcurrentGCThread "G1 Main Marker" [stack: 0x000000dde2e00000,0x000000dde2f00000] [id=11836]
  0x000002657df0dc10 ConcurrentGCThread "G1 Conc#0" [stack: 0x000000dde2f00000,0x000000dde3000000] [id=12068]
  0x000002651e5d24b0 ConcurrentGCThread "G1 Refine#0" [stack: 0x000000dde3000000,0x000000dde3100000] [id=7824]
  0x000002657df9b240 ConcurrentGCThread "G1 Service" [stack: 0x000000dde3100000,0x000000dde3200000] [id=6916]

Threads with active compile tasks:

VM state: synchronizing (normal execution)

VM Mutex/Monitor currently owned by a thread:  ([mutex/lock_event])
[0x000002657deb6890] Threads_lock - owner thread: 0x000002651e71c7e0

Heap address: 0x0000000081600000, size: 2026 MB, Compressed Oops mode: 32-bit

CDS archive(s) mapped at: [0x0000000800000000-0x0000000800bb0000-0x0000000800bb0000), size 12255232, SharedBaseAddress: 0x0000000800000000, ArchiveRelocationMode: 0.
Compressed class space mapped at: 0x0000000800c00000-0x0000000840c00000, reserved size: 1073741824
Narrow klass base: 0x0000000800000000, Narrow klass shift: 3, Narrow klass range: 0x100000000

GC Precious Log:
 CPUs: 8 total, 8 available
 Memory: 8097M
 Large Page Support: Disabled
 NUMA Support: Disabled
 Compressed Oops: Enabled (32-bit)
 Heap Region Size: 1M
 Heap Min Capacity: 8M
 Heap Initial Capacity: 128M
 Heap Max Capacity: 2026M
 Pre-touch: Disabled
 Parallel Workers: 8
 Concurrent Workers: 2
 Concurrent Refinement Workers: 8
 Periodic GC: Disabled

Heap:
 garbage-first heap   total 131072K, used 13312K [0x0000000081600000, 0x0000000100000000)
  region size 1024K, 15 young (15360K), 0 survivors (0K)
 Metaspace       used 11284K, committed 11520K, reserved 1064960K
  class space    used 1264K, committed 1408K, reserved 1048576K

Heap Regions: E=young(eden), S=young(survivor), O=old, HS=humongous(starts), HC=humongous(continues), CS=collection set, F=free, OA=open archive, CA=closed archive, TAMS=top-at-mark-start (previous, next)
|   0|0x0000000081600000, 0x0000000081600000, 0x0000000081700000|  0%| F|  |TAMS 0x0000000081600000, 0x0000000081600000| Untracked 
|   1|0x0000000081700000, 0x0000000081700000, 0x0000000081800000|  0%| F|  |TAMS 0x0000000081700000, 0x0000000081700000| Untracked 
|   2|0x0000000081800000, 0x0000000081800000, 0x0000000081900000|  0%| F|  |TAMS 0x0000000081800000, 0x0000000081800000| Untracked 
|   3|0x0000000081900000, 0x0000000081900000, 0x0000000081a00000|  0%| F|  |TAMS 0x0000000081900000, 0x0000000081900000| Untracked 
|   4|0x0000000081a00000, 0x0000000081a00000, 0x0000000081b00000|  0%| F|  |TAMS 0x0000000081a00000, 0x0000000081a00000| Untracked 
|   5|0x0000000081b00000, 0x0000000081b00000, 0x0000000081c00000|  0%| F|  |TAMS 0x0000000081b00000, 0x0000000081b00000| Untracked 
|   6|0x0000000081c00000, 0x0000000081c00000, 0x0000000081d00000|  0%| F|  |TAMS 0x0000000081c00000, 0x0000000081c00000| Untracked 
|   7|0x0000000081d00000, 0x0000000081d00000, 0x0000000081e00000|  0%| F|  |TAMS 0x0000000081d00000, 0x0000000081d00000| Untracked 
|   8|0x0000000081e00000, 0x0000000081e00000, 0x0000000081f00000|  0%| F|  |TAMS 0x0000000081e00000, 0x0000000081e00000| Untracked 
|   9|0x0000000081f00000, 0x0000000081f00000, 0x0000000082000000|  0%| F|  |TAMS 0x0000000081f00000, 0x0000000081f00000| Untracked 
|  10|0x0000000082000000, 0x0000000082000000, 0x0000000082100000|  0%| F|  |TAMS 0x0000000082000000, 0x0000000082000000| Untracked 
|  11|0x0000000082100000, 0x0000000082100000, 0x0000000082200000|  0%| F|  |TAMS 0x0000000082100000, 0x0000000082100000| Untracked 
|  12|0x0000000082200000, 0x0000000082200000, 0x0000000082300000|  0%| F|  |TAMS 0x0000000082200000, 0x0000000082200000| Untracked 
|  13|0x0000000082300000, 0x0000000082300000, 0x0000000082400000|  0%| F|  |TAMS 0x0000000082300000, 0x0000000082300000| Untracked 
|  14|0x0000000082400000, 0x0000000082400000, 0x0000000082500000|  0%| F|  |TAMS 0x0000000082400000, 0x0000000082400000| Untracked 
|  15|0x0000000082500000, 0x0000000082500000, 0x0000000082600000|  0%| F|  |TAMS 0x0000000082500000, 0x0000000082500000| Untracked 
|  16|0x0000000082600000, 0x0000000082600000, 0x0000000082700000|  0%| F|  |TAMS 0x0000000082600000, 0x0000000082600000| Untracked 
|  17|0x0000000082700000, 0x0000000082700000, 0x0000000082800000|  0%| F|  |TAMS 0x0000000082700000, 0x0000000082700000| Untracked 
|  18|0x0000000082800000, 0x0000000082800000, 0x0000000082900000|  0%| F|  |TAMS 0x0000000082800000, 0x0000000082800000| Untracked 
|  19|0x0000000082900000, 0x0000000082900000, 0x0000000082a00000|  0%| F|  |TAMS 0x0000000082900000, 0x0000000082900000| Untracked 
|  20|0x0000000082a00000, 0x0000000082a00000, 0x0000000082b00000|  0%| F|  |TAMS 0x0000000082a00000, 0x0000000082a00000| Untracked 
|  21|0x0000000082b00000, 0x0000000082b00000, 0x0000000082c00000|  0%| F|  |TAMS 0x0000000082b00000, 0x0000000082b00000| Untracked 
|  22|0x0000000082c00000, 0x0000000082c00000, 0x0000000082d00000|  0%| F|  |TAMS 0x0000000082c00000, 0x0000000082c00000| Untracked 
|  23|0x0000000082d00000, 0x0000000082d00000, 0x0000000082e00000|  0%| F|  |TAMS 0x0000000082d00000, 0x0000000082d00000| Untracked 
|  24|0x0000000082e00000, 0x0000000082e00000, 0x0000000082f00000|  0%| F|  |TAMS 0x0000000082e00000, 0x0000000082e00000| Untracked 
|  25|0x0000000082f00000, 0x0000000082f00000, 0x0000000083000000|  0%| F|  |TAMS 0x0000000082f00000, 0x0000000082f00000| Untracked 
|  26|0x0000000083000000, 0x0000000083000000, 0x0000000083100000|  0%| F|  |TAMS 0x0000000083000000, 0x0000000083000000| Untracked 
|  27|0x0000000083100000, 0x0000000083100000, 0x0000000083200000|  0%| F|  |TAMS 0x0000000083100000, 0x0000000083100000| Untracked 
|  28|0x0000000083200000, 0x0000000083200000, 0x0000000083300000|  0%| F|  |TAMS 0x0000000083200000, 0x0000000083200000| Untracked 
|  29|0x0000000083300000, 0x0000000083300000, 0x0000000083400000|  0%| F|  |TAMS 0x0000000083300000, 0x0000000083300000| Untracked 
|  30|0x0000000083400000, 0x0000000083400000, 0x0000000083500000|  0%| F|  |TAMS 0x0000000083400000, 0x0000000083400000| Untracked 
|  31|0x0000000083500000, 0x0000000083500000, 0x0000000083600000|  0%| F|  |TAMS 0x0000000083500000, 0x0000000083500000| Untracked 
|  32|0x0000000083600000, 0x0000000083600000, 0x0000000083700000|  0%| F|  |TAMS 0x0000000083600000, 0x0000000083600000| Untracked 
|  33|0x0000000083700000, 0x0000000083700000, 0x0000000083800000|  0%| F|  |TAMS 0x0000000083700000, 0x0000000083700000| Untracked 
|  34|0x0000000083800000, 0x0000000083800000, 0x0000000083900000|  0%| F|  |TAMS 0x0000000083800000, 0x0000000083800000| Untracked 
|  35|0x0000000083900000, 0x0000000083900000, 0x0000000083a00000|  0%| F|  |TAMS 0x0000000083900000, 0x0000000083900000| Untracked 
|  36|0x0000000083a00000, 0x0000000083a00000, 0x0000000083b00000|  0%| F|  |TAMS 0x0000000083a00000, 0x0000000083a00000| Untracked 
|  37|0x0000000083b00000, 0x0000000083b00000, 0x0000000083c00000|  0%| F|  |TAMS 0x0000000083b00000, 0x0000000083b00000| Untracked 
|  38|0x0000000083c00000, 0x0000000083c00000, 0x0000000083d00000|  0%| F|  |TAMS 0x0000000083c00000, 0x0000000083c00000| Untracked 
|  39|0x0000000083d00000, 0x0000000083d00000, 0x0000000083e00000|  0%| F|  |TAMS 0x0000000083d00000, 0x0000000083d00000| Untracked 
|  40|0x0000000083e00000, 0x0000000083e00000, 0x0000000083f00000|  0%| F|  |TAMS 0x0000000083e00000, 0x0000000083e00000| Untracked 
|  41|0x0000000083f00000, 0x0000000083f00000, 0x0000000084000000|  0%| F|  |TAMS 0x0000000083f00000, 0x0000000083f00000| Untracked 
|  42|0x0000000084000000, 0x0000000084000000, 0x0000000084100000|  0%| F|  |TAMS 0x0000000084000000, 0x0000000084000000| Untracked 
|  43|0x0000000084100000, 0x0000000084100000, 0x0000000084200000|  0%| F|  |TAMS 0x0000000084100000, 0x0000000084100000| Untracked 
|  44|0x0000000084200000, 0x0000000084200000, 0x0000000084300000|  0%| F|  |TAMS 0x0000000084200000, 0x0000000084200000| Untracked 
|  45|0x0000000084300000, 0x0000000084300000, 0x0000000084400000|  0%| F|  |TAMS 0x0000000084300000, 0x0000000084300000| Untracked 
|  46|0x0000000084400000, 0x0000000084400000, 0x0000000084500000|  0%| F|  |TAMS 0x0000000084400000, 0x0000000084400000| Untracked 
|  47|0x0000000084500000, 0x0000000084500000, 0x0000000084600000|  0%| F|  |TAMS 0x0000000084500000, 0x0000000084500000| Untracked 
|  48|0x0000000084600000, 0x0000000084600000, 0x0000000084700000|  0%| F|  |TAMS 0x0000000084600000, 0x0000000084600000| Untracked 
|  49|0x0000000084700000, 0x0000000084700000, 0x0000000084800000|  0%| F|  |TAMS 0x0000000084700000, 0x0000000084700000| Untracked 
|  50|0x0000000084800000, 0x0000000084800000, 0x0000000084900000|  0%| F|  |TAMS 0x0000000084800000, 0x0000000084800000| Untracked 
|  51|0x0000000084900000, 0x0000000084900000, 0x0000000084a00000|  0%| F|  |TAMS 0x0000000084900000, 0x0000000084900000| Untracked 
|  52|0x0000000084a00000, 0x0000000084a00000, 0x0000000084b00000|  0%| F|  |TAMS 0x0000000084a00000, 0x0000000084a00000| Untracked 
|  53|0x0000000084b00000, 0x0000000084b00000, 0x0000000084c00000|  0%| F|  |TAMS 0x0000000084b00000, 0x0000000084b00000| Untracked 
|  54|0x0000000084c00000, 0x0000000084c00000, 0x0000000084d00000|  0%| F|  |TAMS 0x0000000084c00000, 0x0000000084c00000| Untracked 
|  55|0x0000000084d00000, 0x0000000084d00000, 0x0000000084e00000|  0%| F|  |TAMS 0x0000000084d00000, 0x0000000084d00000| Untracked 
|  56|0x0000000084e00000, 0x0000000084e00000, 0x0000000084f00000|  0%| F|  |TAMS 0x0000000084e00000, 0x0000000084e00000| Untracked 
|  57|0x0000000084f00000, 0x0000000084f00000, 0x0000000085000000|  0%| F|  |TAMS 0x0000000084f00000, 0x0000000084f00000| Untracked 
|  58|0x0000000085000000, 0x0000000085000000, 0x0000000085100000|  0%| F|  |TAMS 0x0000000085000000, 0x0000000085000000| Untracked 
|  59|0x0000000085100000, 0x0000000085100000, 0x0000000085200000|  0%| F|  |TAMS 0x0000000085100000, 0x0000000085100000| Untracked 
|  60|0x0000000085200000, 0x0000000085200000, 0x0000000085300000|  0%| F|  |TAMS 0x0000000085200000, 0x0000000085200000| Untracked 
|  61|0x0000000085300000, 0x0000000085300000, 0x0000000085400000|  0%| F|  |TAMS 0x0000000085300000, 0x0000000085300000| Untracked 
|  62|0x0000000085400000, 0x0000000085400000, 0x0000000085500000|  0%| F|  |TAMS 0x0000000085400000, 0x0000000085400000| Untracked 
|  63|0x0000000085500000, 0x0000000085500000, 0x0000000085600000|  0%| F|  |TAMS 0x0000000085500000, 0x0000000085500000| Untracked 
|  64|0x0000000085600000, 0x0000000085600000, 0x0000000085700000|  0%| F|  |TAMS 0x0000000085600000, 0x0000000085600000| Untracked 
|  65|0x0000000085700000, 0x0000000085700000, 0x0000000085800000|  0%| F|  |TAMS 0x0000000085700000, 0x0000000085700000| Untracked 
|  66|0x0000000085800000, 0x0000000085800000, 0x0000000085900000|  0%| F|  |TAMS 0x0000000085800000, 0x0000000085800000| Untracked 
|  67|0x0000000085900000, 0x0000000085900000, 0x0000000085a00000|  0%| F|  |TAMS 0x0000000085900000, 0x0000000085900000| Untracked 
|  68|0x0000000085a00000, 0x0000000085a00000, 0x0000000085b00000|  0%| F|  |TAMS 0x0000000085a00000, 0x0000000085a00000| Untracked 
|  69|0x0000000085b00000, 0x0000000085b00000, 0x0000000085c00000|  0%| F|  |TAMS 0x0000000085b00000, 0x0000000085b00000| Untracked 
|  70|0x0000000085c00000, 0x0000000085c00000, 0x0000000085d00000|  0%| F|  |TAMS 0x0000000085c00000, 0x0000000085c00000| Untracked 
|  71|0x0000000085d00000, 0x0000000085d00000, 0x0000000085e00000|  0%| F|  |TAMS 0x0000000085d00000, 0x0000000085d00000| Untracked 
|  72|0x0000000085e00000, 0x0000000085e00000, 0x0000000085f00000|  0%| F|  |TAMS 0x0000000085e00000, 0x0000000085e00000| Untracked 
|  73|0x0000000085f00000, 0x0000000085f00000, 0x0000000086000000|  0%| F|  |TAMS 0x0000000085f00000, 0x0000000085f00000| Untracked 
|  74|0x0000000086000000, 0x0000000086000000, 0x0000000086100000|  0%| F|  |TAMS 0x0000000086000000, 0x0000000086000000| Untracked 
|  75|0x0000000086100000, 0x0000000086100000, 0x0000000086200000|  0%| F|  |TAMS 0x0000000086100000, 0x0000000086100000| Untracked 
|  76|0x0000000086200000, 0x0000000086200000, 0x0000000086300000|  0%| F|  |TAMS 0x0000000086200000, 0x0000000086200000| Untracked 
|  77|0x0000000086300000, 0x0000000086300000, 0x0000000086400000|  0%| F|  |TAMS 0x0000000086300000, 0x0000000086300000| Untracked 
|  78|0x0000000086400000, 0x0000000086400000, 0x0000000086500000|  0%| F|  |TAMS 0x0000000086400000, 0x0000000086400000| Untracked 
|  79|0x0000000086500000, 0x0000000086500000, 0x0000000086600000|  0%| F|  |TAMS 0x0000000086500000, 0x0000000086500000| Untracked 
|  80|0x0000000086600000, 0x0000000086600000, 0x0000000086700000|  0%| F|  |TAMS 0x0000000086600000, 0x0000000086600000| Untracked 
|  81|0x0000000086700000, 0x0000000086700000, 0x0000000086800000|  0%| F|  |TAMS 0x0000000086700000, 0x0000000086700000| Untracked 
|  82|0x0000000086800000, 0x0000000086800000, 0x0000000086900000|  0%| F|  |TAMS 0x0000000086800000, 0x0000000086800000| Untracked 
|  83|0x0000000086900000, 0x0000000086900000, 0x0000000086a00000|  0%| F|  |TAMS 0x0000000086900000, 0x0000000086900000| Untracked 
|  84|0x0000000086a00000, 0x0000000086a00000, 0x0000000086b00000|  0%| F|  |TAMS 0x0000000086a00000, 0x0000000086a00000| Untracked 
|  85|0x0000000086b00000, 0x0000000086b00000, 0x0000000086c00000|  0%| F|  |TAMS 0x0000000086b00000, 0x0000000086b00000| Untracked 
|  86|0x0000000086c00000, 0x0000000086c00000, 0x0000000086d00000|  0%| F|  |TAMS 0x0000000086c00000, 0x0000000086c00000| Untracked 
|  87|0x0000000086d00000, 0x0000000086d00000, 0x0000000086e00000|  0%| F|  |TAMS 0x0000000086d00000, 0x0000000086d00000| Untracked 
|  88|0x0000000086e00000, 0x0000000086e00000, 0x0000000086f00000|  0%| F|  |TAMS 0x0000000086e00000, 0x0000000086e00000| Untracked 
|  89|0x0000000086f00000, 0x0000000086f00000, 0x0000000087000000|  0%| F|  |TAMS 0x0000000086f00000, 0x0000000086f00000| Untracked 
|  90|0x0000000087000000, 0x0000000087000000, 0x0000000087100000|  0%| F|  |TAMS 0x0000000087000000, 0x0000000087000000| Untracked 
|  91|0x0000000087100000, 0x0000000087100000, 0x0000000087200000|  0%| F|  |TAMS 0x0000000087100000, 0x0000000087100000| Untracked 
|  92|0x0000000087200000, 0x0000000087200000, 0x0000000087300000|  0%| F|  |TAMS 0x0000000087200000, 0x0000000087200000| Untracked 
|  93|0x0000000087300000, 0x0000000087300000, 0x0000000087400000|  0%| F|  |TAMS 0x0000000087300000, 0x0000000087300000| Untracked 
|  94|0x0000000087400000, 0x0000000087400000, 0x0000000087500000|  0%| F|  |TAMS 0x0000000087400000, 0x0000000087400000| Untracked 
|  95|0x0000000087500000, 0x0000000087500000, 0x0000000087600000|  0%| F|  |TAMS 0x0000000087500000, 0x0000000087500000| Untracked 
|  96|0x0000000087600000, 0x0000000087600000, 0x0000000087700000|  0%| F|  |TAMS 0x0000000087600000, 0x0000000087600000| Untracked 
|  97|0x0000000087700000, 0x0000000087700000, 0x0000000087800000|  0%| F|  |TAMS 0x0000000087700000, 0x0000000087700000| Untracked 
|  98|0x0000000087800000, 0x0000000087800000, 0x0000000087900000|  0%| F|  |TAMS 0x0000000087800000, 0x0000000087800000| Untracked 
|  99|0x0000000087900000, 0x0000000087900000, 0x0000000087a00000|  0%| F|  |TAMS 0x0000000087900000, 0x0000000087900000| Untracked 
| 100|0x0000000087a00000, 0x0000000087a00000, 0x0000000087b00000|  0%| F|  |TAMS 0x0000000087a00000, 0x0000000087a00000| Untracked 
| 101|0x0000000087b00000, 0x0000000087b00000, 0x0000000087c00000|  0%| F|  |TAMS 0x0000000087b00000, 0x0000000087b00000| Untracked 
| 102|0x0000000087c00000, 0x0000000087c00000, 0x0000000087d00000|  0%| F|  |TAMS 0x0000000087c00000, 0x0000000087c00000| Untracked 
| 103|0x0000000087d00000, 0x0000000087d00000, 0x0000000087e00000|  0%| F|  |TAMS 0x0000000087d00000, 0x0000000087d00000| Untracked 
| 104|0x0000000087e00000, 0x0000000087e00000, 0x0000000087f00000|  0%| F|  |TAMS 0x0000000087e00000, 0x0000000087e00000| Untracked 
| 105|0x0000000087f00000, 0x0000000087f00000, 0x0000000088000000|  0%| F|  |TAMS 0x0000000087f00000, 0x0000000087f00000| Untracked 
| 106|0x0000000088000000, 0x0000000088000000, 0x0000000088100000|  0%| F|  |TAMS 0x0000000088000000, 0x0000000088000000| Untracked 
| 107|0x0000000088100000, 0x0000000088100000, 0x0000000088200000|  0%| F|  |TAMS 0x0000000088100000, 0x0000000088100000| Untracked 
| 108|0x0000000088200000, 0x0000000088200000, 0x0000000088300000|  0%| F|  |TAMS 0x0000000088200000, 0x0000000088200000| Untracked 
| 109|0x0000000088300000, 0x0000000088300000, 0x0000000088400000|  0%| F|  |TAMS 0x0000000088300000, 0x0000000088300000| Untracked 
| 110|0x0000000088400000, 0x0000000088400000, 0x0000000088500000|  0%| F|  |TAMS 0x0000000088400000, 0x0000000088400000| Untracked 
| 111|0x0000000088500000, 0x0000000088500000, 0x0000000088600000|  0%| F|  |TAMS 0x0000000088500000, 0x0000000088500000| Untracked 
| 112|0x0000000088600000, 0x0000000088600000, 0x0000000088700000|  0%| F|  |TAMS 0x0000000088600000, 0x0000000088600000| Untracked 
| 113|0x0000000088700000, 0x00000000887ec0b0, 0x0000000088800000| 92%| E|  |TAMS 0x0000000088700000, 0x0000000088700000| Complete 
| 114|0x0000000088800000, 0x0000000088900000, 0x0000000088900000|100%| E|CS|TAMS 0x0000000088800000, 0x0000000088800000| Complete 
| 115|0x0000000088900000, 0x0000000088a00000, 0x0000000088a00000|100%| E|CS|TAMS 0x0000000088900000, 0x0000000088900000| Complete 
| 116|0x0000000088a00000, 0x0000000088b00000, 0x0000000088b00000|100%| E|CS|TAMS 0x0000000088a00000, 0x0000000088a00000| Complete 
| 117|0x0000000088b00000, 0x0000000088c00000, 0x0000000088c00000|100%| E|CS|TAMS 0x0000000088b00000, 0x0000000088b00000| Complete 
| 118|0x0000000088c00000, 0x0000000088d00000, 0x0000000088d00000|100%| E|CS|TAMS 0x0000000088c00000, 0x0000000088c00000| Complete 
| 119|0x0000000088d00000, 0x0000000088e00000, 0x0000000088e00000|100%| E|CS|TAMS 0x0000000088d00000, 0x0000000088d00000| Complete 
| 120|0x0000000088e00000, 0x0000000088f00000, 0x0000000088f00000|100%| E|CS|TAMS 0x0000000088e00000, 0x0000000088e00000| Complete 
| 121|0x0000000088f00000, 0x0000000089000000, 0x0000000089000000|100%| E|  |TAMS 0x0000000088f00000, 0x0000000088f00000| Complete 
| 122|0x0000000089000000, 0x0000000089100000, 0x0000000089100000|100%| E|CS|TAMS 0x0000000089000000, 0x0000000089000000| Complete 
| 123|0x0000000089100000, 0x0000000089200000, 0x0000000089200000|100%| E|CS|TAMS 0x0000000089100000, 0x0000000089100000| Complete 
| 124|0x0000000089200000, 0x0000000089300000, 0x0000000089300000|100%| E|CS|TAMS 0x0000000089200000, 0x0000000089200000| Complete 
| 125|0x0000000089300000, 0x0000000089400000, 0x0000000089400000|100%| E|CS|TAMS 0x0000000089300000, 0x0000000089300000| Complete 
| 126|0x0000000089400000, 0x0000000089500000, 0x0000000089500000|100%| E|CS|TAMS 0x0000000089400000, 0x0000000089400000| Complete 
| 127|0x0000000089500000, 0x0000000089600000, 0x0000000089600000|100%| E|CS|TAMS 0x0000000089500000, 0x0000000089500000| Complete 

Card table byte_map: [0x0000026517540000,0x0000026517940000] _byte_map_base: 0x0000026517135000

Marking Bits (Prev, Next): (CMBitMap*) 0x000002657defc3e0, (CMBitMap*) 0x000002657defc420
 Prev Bits: [0x0000026517d40000, 0x0000026519ce8000)
 Next Bits: [0x0000026519cf0000, 0x000002651bc98000)

Polling page: 0x0000026500000000

Metaspace:

Usage:
  Non-class:      9.78 MB used.
      Class:      1.23 MB used.
       Both:     11.02 MB used.

Virtual space:
  Non-class space:       16.00 MB reserved,       9.88 MB ( 62%) committed,  2 nodes.
      Class space:        1.00 GB reserved,       1.38 MB ( <1%) committed,  1 nodes.
              Both:        1.02 GB reserved,      11.25 MB (  1%) committed. 

Chunk freelists:
   Non-Class:  2.08 MB
       Class:  2.61 MB
        Both:  4.69 MB

MaxMetaspaceSize: 17179869184.00 GB
CompressedClassSpaceSize: 1.00 GB
 - commit_granule_bytes: 65536.
 - commit_granule_words: 8192.
 - virtual_space_node_default_size: 1048576.
 - enlarge_chunks_in_place: 1.
 - new_chunks_are_fully_committed: 0.
 - uncommit_free_chunks: 1.
 - use_allocation_guard: 0.
 - handle_deallocations: 1.


Internal statistics:

num_allocs_failed_limit: 0.
num_arena_births: 118.
num_arena_deaths: 0.
num_vsnodes_births: 3.
num_vsnodes_deaths: 0.
num_space_committed: 180.
num_space_uncommitted: 0.
num_chunks_returned_to_freelist: 0.
num_chunks_taken_from_freelist: 171.
num_chunk_merges: 0.
num_chunk_splits: 101.
num_chunks_enlarged: 53.
num_purges: 0.

CodeHeap 'non-profiled nmethods': size=120000Kb used=645Kb max_used=645Kb free=119354Kb
 bounds [0x000002650f190000, 0x000002650f400000, 0x00000265166c0000]
CodeHeap 'profiled nmethods': size=120000Kb used=2955Kb max_used=2955Kb free=117044Kb
 bounds [0x0000026507c60000, 0x0000026507f50000, 0x000002650f190000]
CodeHeap 'non-nmethods': size=5760Kb used=1379Kb max_used=1443Kb free=4381Kb
 bounds [0x00000265076c0000, 0x0000026507930000, 0x0000026507c60000]
 total_blobs=2067 nmethods=1428 adapters=552
 compilation: enabled
              stopped_count=0, restarted_count=0
 full_count=0

Compilation events (20 events):
Event: 11.128 Thread 0x000002651e73c010 1411       3       java.util.HashMap::<init> (98 bytes)
Event: 11.129 Thread 0x000002651e73c010 nmethod 1411 0x0000026507f3b490 code [0x0000026507f3b7c0, 0x0000026507f3c7c8]
Event: 11.131 Thread 0x000002651e73c010 1412       1       sun.util.locale.BaseLocale::getVariant (5 bytes)
Event: 11.131 Thread 0x000002651e73c010 nmethod 1412 0x000002650f230310 code [0x000002650f2304a0, 0x000002650f230578]
Event: 11.131 Thread 0x000002651e73c010 1413       3       java.awt.Rectangle::isEmpty (20 bytes)
Event: 11.131 Thread 0x000002651e73c010 nmethod 1413 0x0000026507f3cd90 code [0x0000026507f3cf20, 0x0000026507f3d0d8]
Event: 11.131 Thread 0x000002651e73c010 1414       3       javax.swing.plaf.nimbus.NimbusStyle::paintFilter (2 bytes)
Event: 11.131 Thread 0x000002651e73c010 nmethod 1414 0x0000026507f3d190 code [0x0000026507f3d320, 0x0000026507f3d418]
Event: 11.131 Thread 0x000002651e73c010 1415       3       java.awt.Rectangle::setBounds (10 bytes)
Event: 11.131 Thread 0x000002651e73c010 nmethod 1415 0x0000026507f3d490 code [0x0000026507f3d640, 0x0000026507f3d838]
Event: 11.132 Thread 0x000002651e73c010 1416       3       sun.java2d.marlin.DTransformingPathConsumer2D$PathClipFilter::finishPath (34 bytes)
Event: 11.132 Thread 0x000002651e73c010 nmethod 1416 0x0000026507f3d910 code [0x0000026507f3dac0, 0x0000026507f3dd28]
Event: 11.134 Thread 0x000002651e73c010 1417       1       java.awt.image.ColorModel::getPixelSize (5 bytes)
Event: 11.135 Thread 0x000002651e73c010 nmethod 1417 0x000002650f230610 code [0x000002650f2307a0, 0x000002650f230878]
Event: 11.135 Thread 0x000002651e73c010 1418   !   3       sun.java2d.SunGraphics2D::fillRect (74 bytes)
Event: 11.135 Thread 0x000002651e73c010 nmethod 1418 0x0000026507f3de10 code [0x0000026507f3e040, 0x0000026507f3e7a8]
Event: 11.135 Thread 0x000002651e73c010 1419       3       sun.java2d.pipe.ValidatePipe::fillRect (25 bytes)
Event: 11.135 Thread 0x000002651e73c010 nmethod 1419 0x0000026507f3eb90 code [0x0000026507f3ed80, 0x0000026507f3f2a8]
Event: 11.135 Thread 0x000002651e73c010 1420       3       java.util.HashMap::<init> (8 bytes)
Event: 11.135 Thread 0x000002651e73c010 nmethod 1420 0x0000026507f3f510 code [0x0000026507f3f6e0, 0x0000026507f3f828]

GC Heap History (0 events):
No events

Deoptimization events (20 events):
Event: 8.577 Thread 0x000002651f25e810 DEOPT PACKING pc=0x0000026507e13404 sp=0x000000dde45fea70
Event: 8.577 Thread 0x000002651f25e810 DEOPT UNPACKING pc=0x000002650770dece sp=0x000000dde45fdda0 mode 0
Event: 8.578 Thread 0x000002651f25e810 DEOPT PACKING pc=0x0000026507e170ec sp=0x000000dde45fec00
Event: 8.578 Thread 0x000002651f25e810 DEOPT UNPACKING pc=0x000002650770dece sp=0x000000dde45fe100 mode 0
Event: 8.587 Thread 0x000002651f25e810 DEOPT PACKING pc=0x0000026507dd9d65 sp=0x000000dde45fced0
Event: 8.587 Thread 0x000002651f25e810 DEOPT UNPACKING pc=0x000002650770dece sp=0x000000dde45fc328 mode 0
Event: 8.638 Thread 0x000002651f25e810 Uncommon trap: trap_request=0xffffff45 fr.pc=0x000002650f1b65d8 relative=0x0000000000000db8
Event: 8.638 Thread 0x000002651f25e810 Uncommon trap: reason=unstable_if action=reinterpret pc=0x000002650f1b65d8 method=java.util.HashMap.putVal(ILjava/lang/Object;Ljava/lang/Object;ZZ)Ljava/lang/Object; @ 109 c2
Event: 8.638 Thread 0x000002651f25e810 DEOPT PACKING pc=0x000002650f1b65d8 sp=0x000000dde45fb980
Event: 8.638 Thread 0x000002651f25e810 DEOPT UNPACKING pc=0x000002650770d72e sp=0x000000dde45fb8e8 mode 2
Event: 8.638 Thread 0x000002651f25e810 Uncommon trap: trap_request=0xffffff45 fr.pc=0x000002650f1b8844 relative=0x0000000000000e24
Event: 8.638 Thread 0x000002651f25e810 Uncommon trap: reason=unstable_if action=reinterpret pc=0x000002650f1b8844 method=java.util.HashMap.putVal(ILjava/lang/Object;Ljava/lang/Object;ZZ)Ljava/lang/Object; @ 109 c2
Event: 8.638 Thread 0x000002651f25e810 DEOPT PACKING pc=0x000002650f1b8844 sp=0x000000dde45fb8e0
Event: 8.638 Thread 0x000002651f25e810 DEOPT UNPACKING pc=0x000002650770d72e sp=0x000000dde45fb8d8 mode 2
Event: 9.599 Thread 0x000002651f25e810 DEOPT PACKING pc=0x0000026507edd211 sp=0x000000dde45fc600
Event: 9.600 Thread 0x000002651f25e810 DEOPT UNPACKING pc=0x000002650770dece sp=0x000000dde45fb9b8 mode 0
Event: 10.512 Thread 0x000002651f25e810 DEOPT PACKING pc=0x0000026507ebe47e sp=0x000000dde45fcd00
Event: 10.512 Thread 0x000002651f25e810 DEOPT UNPACKING pc=0x000002650770dece sp=0x000000dde45fc180 mode 0
Event: 10.512 Thread 0x000002651f25e810 DEOPT PACKING pc=0x0000026507dad677 sp=0x000000dde45fcf10
Event: 10.512 Thread 0x000002651f25e810 DEOPT UNPACKING pc=0x000002650770dece sp=0x000000dde45fc330 mode 0

Classes unloaded (0 events):
No events

Classes redefined (0 events):
No events

Internal exceptions (20 events):
Event: 0.495 Thread 0x000002657deb9330 Exception <a 'java/lang/ClassNotFoundException'{0x0000000089158f90}: javax/swing/JToolBarSeparator> (0x0000000089158f90) 
thrown [t:\workspace\open\src\hotspot\share\classfile\systemDictionary.cpp, line 256]
Event: 0.495 Thread 0x000002657deb9330 Exception <a 'java/lang/ClassNotFoundException'{0x0000000089159298}: ToolBarSeparator> (0x0000000089159298) 
thrown [t:\workspace\open\src\hotspot\share\classfile\systemDictionary.cpp, line 256]
Event: 0.495 Thread 0x000002657deb9330 Exception <a 'java/lang/ClassNotFoundException'{0x00000000891597b0}: ToolTip> (0x00000000891597b0) 
thrown [t:\workspace\open\src\hotspot\share\classfile\systemDictionary.cpp, line 256]
Event: 0.496 Thread 0x000002657deb9330 Exception <a 'java/lang/ClassNotFoundException'{0x000000008915a100}: Tree> (0x000000008915a100) 
thrown [t:\workspace\open\src\hotspot\share\classfile\systemDictionary.cpp, line 256]
Event: 0.496 Thread 0x000002657deb9330 Exception <a 'java/lang/ClassNotFoundException'{0x000000008915a5f8}: Tree> (0x000000008915a5f8) 
thrown [t:\workspace\open\src\hotspot\share\classfile\systemDictionary.cpp, line 256]
Event: 0.497 Thread 0x000002657deb9330 Exception <a 'java/lang/ClassNotFoundException'{0x000000008915a968}: javax/swing/JTreeCell> (0x000000008915a968) 
thrown [t:\workspace\open\src\hotspot\share\classfile\systemDictionary.cpp, line 256]
Event: 0.497 Thread 0x000002657deb9330 Exception <a 'java/lang/ClassNotFoundException'{0x000000008915ac68}: TreeCell> (0x000000008915ac68) 
thrown [t:\workspace\open\src\hotspot\share\classfile\systemDictionary.cpp, line 256]
Event: 0.497 Thread 0x000002657deb9330 Exception <a 'java/lang/ClassNotFoundException'{0x000000008915b428}: RootPane> (0x000000008915b428) 
thrown [t:\workspace\open\src\hotspot\share\classfile\systemDictionary.cpp, line 256]
Event: 0.499 Thread 0x000002657deb9330 Exception <a 'java/lang/ClassNotFoundException'{0x000000008915e278}: com/sun/swing/internal/plaf/metal/resources/spi/metalProvider> (0x000000008915e278) 
thrown [t:\workspace\open\src\hotspot\share\classfile\systemDictionary.cpp, line 256]
Event: 0.499 Thread 0x000002657deb9330 Exception <a 'java/lang/ClassNotFoundException'{0x0000000089162038}: com/sun/swing/internal/plaf/basic/resources/spi/basicProvider> (0x0000000089162038) 
thrown [t:\workspace\open\src\hotspot\share\classfile\systemDictionary.cpp, line 256]
Event: 0.603 Thread 0x000002651f25e810 Exception <a 'java/lang/ClassNotFoundException'{0x000000008907c2d0}: com/sun/swing/internal/plaf/synth/resources/spi/synthProvider> (0x000000008907c2d0) 
thrown [t:\workspace\open\src\hotspot\share\classfile\systemDictionary.cpp, line 256]
Event: 0.678 Thread 0x000002651f25f2b0 Exception <a 'java/lang/NoSuchMethodError'{0x00000000893fb8a8}: 'void java.lang.invoke.DirectMethodHandle$Holder.invokeVirtual(java.lang.Object, java.lang.Object)'> (0x00000000893fb8a8) 
thrown [t:\workspace\open\src\hotspot\share\interpreter\linkResolver.cpp, line 790]
Event: 0.697 Thread 0x000002651f25e810 Exception <a 'java/lang/NoSuchMethodError'{0x0000000088f8b2d0}: 'void java.lang.invoke.DirectMethodHandle$Holder.invokeStaticInit(java.lang.Object)'> (0x0000000088f8b2d0) 
thrown [t:\workspace\open\src\hotspot\share\interpreter\linkResolver.cpp, line 790]
Event: 4.123 Thread 0x000002651f25e810 Exception <a 'java/lang/NoSuchMethodError'{0x0000000088b4a300}: 'void java.lang.invoke.DirectMethodHandle$Holder.invokeStatic(java.lang.Object, java.lang.Object)'> (0x0000000088b4a300) 
thrown [t:\workspace\open\src\hotspot\share\interpreter\linkResolver.cpp, line 790]
Event: 4.137 Thread 0x000002651f2602a0 Exception <a 'java/lang/ClassCastException'{0x0000000088b7ac58}: class javax.swing.plaf.nimbus.DerivedColor$UIResource cannot be cast to class java.awt.Font (javax.swing.plaf.nimbus.DerivedColor$UIResource and java.awt.Font are in module java.desktop of loader 'bootstrap')> (0x0000000088b7ac58) 
thrown [t:\workspace\open\src\hotspot\share\interpreter\interpreterRuntime.cpp, line 441]
Event: 8.576 Thread 0x000002651f25e810 JVM_StopThread thread JavaThread 0x0000000000000000 as oop 0x0000000088b57ac0 [exception 0x000000dde45fdc88]
Event: 8.632 Thread 0x000002651f2602a0 Exception <a 'java/lang/NoSuchMethodError'{0x000000008899edf8}: 'int java.lang.invoke.DirectMethodHandle$Holder.invokeStatic(java.lang.Object)'> (0x000000008899edf8) 
thrown [t:\workspace\open\src\hotspot\share\interpreter\linkResolver.cpp, line 790]
Event: 11.222 Thread 0x000002651f2602a0 Exception <a 'java/io/IOException'{0x00000000889a45a8}> (0x00000000889a45a8) 
thrown [t:\workspace\open\src\hotspot\share\prims\jni.cpp, line 579]
Event: 11.222 Thread 0x000002651f25e810 JVM_StopThread thread JavaThread 0x000002651f2602a0 as oop 0x000000008894a680 [exception 0x000000dde45fdc88]
Event: 11.223 Thread 0x000002651f2602a0 Exception <a 'java/lang/ThreadDeath'{0x000000008872af70}> (0x000000008872af70) 
thrown [t:\workspace\open\src\hotspot\share\prims\jni.cpp, line 579]

Events (20 events):
Event: 9.903 loading class java/awt/KeyboardFocusManager$2
Event: 9.903 loading class java/awt/KeyboardFocusManager$2 done
Event: 9.903 loading class sun/awt/SunToolkit$1
Event: 9.903 loading class sun/awt/SunToolkit$1 done
Event: 9.909 loading class java/awt/Window$1DisposeAction
Event: 9.910 loading class java/awt/Window$1DisposeAction done
Event: 9.910 loading class java/awt/EventQueue$1AWTInvocationLock
Event: 9.910 loading class java/awt/EventQueue$1AWTInvocationLock done
Event: 10.606 Executing  VM operation: Cleanup
Event: 10.606 Executing  VM operation: Cleanup done
Event: 11.222 Executing  VM operation: get/set locals
Event: 11.222 Executing  VM operation: get/set locals done
Event: 11.222 loading class java/net/SocketTimeoutException
Event: 11.222 loading class java/io/InterruptedIOException
Event: 11.222 loading class java/io/InterruptedIOException done
Event: 11.222 loading class java/net/SocketTimeoutException done
Event: 11.222 loading class sun/net/ConnectionResetException
Event: 11.222 loading class java/net/SocketException
Event: 11.223 loading class java/net/SocketException done
Event: 11.223 loading class sun/net/ConnectionResetException done


Dynamic libraries:
0x00007ff756980000 - 0x00007ff756990000 	C:\Program Files\Java\jdk-16.0.2\bin\java.exe
0x00007ffd16230000 - 0x00007ffd16425000 	C:\Windows\SYSTEM32\ntdll.dll
0x00007ffd14c80000 - 0x00007ffd14d3e000 	C:\Windows\System32\KERNEL32.DLL
0x00007ffd13a30000 - 0x00007ffd13cf9000 	C:\Windows\System32\KERNELBASE.dll
0x00007ffd13e80000 - 0x00007ffd13f80000 	C:\Windows\System32\ucrtbase.dll
0x00007ffcf84e0000 - 0x00007ffcf84f9000 	C:\Program Files\Java\jdk-16.0.2\bin\VCRUNTIME140.dll
0x00007ffd0f7b0000 - 0x00007ffd0f7c8000 	C:\Program Files\Java\jdk-16.0.2\bin\jli.dll
0x00007ffd15480000 - 0x00007ffd1552c000 	C:\Windows\System32\ADVAPI32.dll
0x00007ffd159a0000 - 0x00007ffd15a3e000 	C:\Windows\System32\msvcrt.dll
0x00007ffd147b0000 - 0x00007ffd1484b000 	C:\Windows\System32\sechost.dll
0x00007ffd155b0000 - 0x00007ffd156da000 	C:\Windows\System32\RPCRT4.dll
0x00007ffd14aa0000 - 0x00007ffd14c41000 	C:\Windows\System32\USER32.dll
0x00007ffd140e0000 - 0x00007ffd14102000 	C:\Windows\System32\win32u.dll
0x00007ffd06d60000 - 0x00007ffd06ffa000 	C:\Windows\WinSxS\amd64_microsoft.windows.common-controls_6595b64144ccf1df_6.0.19041.1110_none_60b5254171f9507e\COMCTL32.dll
0x00007ffd14c50000 - 0x00007ffd14c7b000 	C:\Windows\System32\GDI32.dll
0x00007ffd14170000 - 0x00007ffd1427b000 	C:\Windows\System32\gdi32full.dll
0x00007ffd13de0000 - 0x00007ffd13e7d000 	C:\Windows\System32\msvcp_win.dll
0x00007ffd0bf20000 - 0x00007ffd0bf2a000 	C:\Windows\SYSTEM32\VERSION.dll
0x00007ffd156e0000 - 0x00007ffd15710000 	C:\Windows\System32\IMM32.DLL
0x00007ffcf84d0000 - 0x00007ffcf84dc000 	C:\Program Files\Java\jdk-16.0.2\bin\vcruntime140_1.dll
0x00007ffcc6340000 - 0x00007ffcc63d1000 	C:\Program Files\Java\jdk-16.0.2\bin\msvcp140.dll
0x00007ffcc3930000 - 0x00007ffcc44db000 	C:\Program Files\Java\jdk-16.0.2\bin\server\jvm.dll
0x00007ffd15530000 - 0x00007ffd15538000 	C:\Windows\System32\PSAPI.DLL
0x00007ffd092a0000 - 0x00007ffd092c7000 	C:\Windows\SYSTEM32\WINMM.dll
0x00007ffcf8500000 - 0x00007ffcf8509000 	C:\Windows\SYSTEM32\WSOCK32.dll
0x00007ffd15540000 - 0x00007ffd155ab000 	C:\Windows\System32\WS2_32.dll
0x00007ffd121d0000 - 0x00007ffd121e2000 	C:\Windows\SYSTEM32\kernel.appcore.dll
0x00007ffcf8450000 - 0x00007ffcf845a000 	C:\Program Files\Java\jdk-16.0.2\bin\jimage.dll
0x00007ffd03830000 - 0x00007ffd03a14000 	C:\Windows\SYSTEM32\DBGHELP.DLL
0x00007ffd03130000 - 0x00007ffd0315c000 	C:\Windows\SYSTEM32\dbgcore.DLL
0x00007ffd13950000 - 0x00007ffd139d3000 	C:\Windows\System32\bcryptPrimitives.dll
0x00007ffd05630000 - 0x00007ffd0566b000 	C:\Program Files\Java\jdk-16.0.2\bin\jdwp.dll
0x00007ffcf8460000 - 0x00007ffcf8485000 	C:\Program Files\Java\jdk-16.0.2\bin\java.dll
0x00007ffd14d40000 - 0x00007ffd1547f000 	C:\Windows\System32\SHELL32.dll
0x00007ffd11a00000 - 0x00007ffd12190000 	C:\Windows\SYSTEM32\windows.storage.dll
0x00007ffd14450000 - 0x00007ffd147a5000 	C:\Windows\System32\combase.dll
0x00007ffd133a0000 - 0x00007ffd133cc000 	C:\Windows\SYSTEM32\Wldp.dll
0x00007ffd14990000 - 0x00007ffd14a3e000 	C:\Windows\System32\SHCORE.dll
0x00007ffd16190000 - 0x00007ffd161e5000 	C:\Windows\System32\shlwapi.dll
0x00007ffd13890000 - 0x00007ffd138af000 	C:\Windows\SYSTEM32\profapi.dll
0x00007ffd0f7a0000 - 0x00007ffd0f7ab000 	C:\Program Files\Java\jdk-16.0.2\bin\dt_shmem.dll
0x00007ffcc2910000 - 0x00007ffcc2a90000 	C:\Program Files\Java\jdk-16.0.2\bin\awt.dll
0x00007ffd14280000 - 0x00007ffd1434d000 	C:\Windows\System32\OLEAUT32.dll
0x00007ffd11090000 - 0x00007ffd11120000 	C:\Windows\SYSTEM32\apphelp.dll
0x00007ffd11120000 - 0x00007ffd111be000 	C:\Windows\system32\uxtheme.dll
0x00007ffd16070000 - 0x00007ffd16185000 	C:\Windows\System32\MSCTF.dll
0x00007ffd14860000 - 0x00007ffd1498a000 	C:\Windows\System32\ole32.dll
0x00007ffd11470000 - 0x00007ffd1149f000 	C:\Windows\system32\DWMAPI.DLL
0x00007ffcc6200000 - 0x00007ffcc6289000 	C:\Program Files\Java\jdk-16.0.2\bin\freetype.dll
0x00007ffcc2810000 - 0x00007ffcc2906000 	C:\Program Files\Java\jdk-16.0.2\bin\harfbuzz.dll
0x00007ffcf83c0000 - 0x00007ffcf83d2000 	C:\Program Files\Java\jdk-16.0.2\bin\fontmanager.dll
0x00007ffcf19e0000 - 0x00007ffcf1b05000 	C:\Windows\system32\opengl32.dll
0x00007ffcf1970000 - 0x00007ffcf199c000 	C:\Windows\SYSTEM32\GLU32.dll
0x00007ffd15fc0000 - 0x00007ffd16069000 	C:\Windows\System32\clbcatq.dll
0x00007ffd0c9a0000 - 0x00007ffd0cb54000 	C:\Windows\SYSTEM32\WindowsCodecs.dll
0x00007ffd13db0000 - 0x00007ffd13dd7000 	C:\Windows\System32\bcrypt.dll
0x00007ffcef630000 - 0x00007ffcef66e000 	C:\Windows\system32\dataexchange.dll
0x00007ffd0f930000 - 0x00007ffd0fb94000 	C:\Windows\system32\d3d11.dll
0x00007ffd105c0000 - 0x00007ffd107a6000 	C:\Windows\system32\dcomp.dll
0x00007ffd12240000 - 0x00007ffd12334000 	C:\Windows\system32\dxgi.dll
0x00007ffd0ceb0000 - 0x00007ffd0d0b1000 	C:\Windows\system32\twinapi.appcore.dll
0x00007ffcf8430000 - 0x00007ffcf8449000 	C:\Program Files\Java\jdk-16.0.2\bin\net.dll
0x00007ffd095b0000 - 0x00007ffd096b8000 	C:\Windows\SYSTEM32\WINHTTP.dll
0x00007ffd13100000 - 0x00007ffd1316a000 	C:\Windows\system32\mswsock.dll
0x00007ffcf8410000 - 0x00007ffcf8423000 	C:\Program Files\Java\jdk-16.0.2\bin\nio.dll
0x00007ffcf4bd0000 - 0x00007ffcf4cc9000 	C:\Windows\SYSTEM32\textinputframework.dll
0x00007ffd107b0000 - 0x00007ffd10b0e000 	C:\Windows\System32\CoreUIComponents.dll
0x00007ffd10e90000 - 0x00007ffd10f82000 	C:\Windows\System32\CoreMessaging.dll
0x00007ffd12640000 - 0x00007ffd12673000 	C:\Windows\SYSTEM32\ntmarta.dll
0x00007ffd0f7d0000 - 0x00007ffd0f924000 	C:\Windows\SYSTEM32\wintypes.dll
0x00007ffd12df0000 - 0x00007ffd12ebc000 	C:\Windows\SYSTEM32\DNSAPI.dll
0x00007ffd12da0000 - 0x00007ffd12ddb000 	C:\Windows\SYSTEM32\IPHLPAPI.DLL
0x00007ffd143e0000 - 0x00007ffd143e8000 	C:\Windows\System32\NSI.dll
0x00007ffd09030000 - 0x00007ffd0903a000 	C:\Windows\System32\rasadhlp.dll
0x00007ffd07d50000 - 0x00007ffd07dcf000 	C:\Windows\System32\fwpuclnt.dll

dbghelp: loaded successfully - version: 4.0.5 - missing functions: none
symbol engine: initialized successfully - sym options: 0x614 - pdb path: .;C:\Program Files\Java\jdk-16.0.2\bin;C:\Windows\SYSTEM32;C:\Windows\WinSxS\amd64_microsoft.windows.common-controls_6595b64144ccf1df_6.0.19041.1110_none_60b5254171f9507e;C:\Program Files\Java\jdk-16.0.2\bin\server

VM Arguments:
jvm_args: -Dfile.encoding=UTF-8 -agentlib:jdwp=transport=dt_shmem,address=javadebug 
java_command: Interface.Login
java_class_path (initial): C:\Users\longt\Desktop\Learn\chat\chat-app-\Multi Chat - Client\build\classes
Launcher Type: SUN_STANDARD

[Global flags]
     intx CICompilerCount                          = 4                                         {product} {ergonomic}
     uint ConcGCThreads                            = 2                                         {product} {ergonomic}
     uint G1ConcRefinementThreads                  = 8                                         {product} {ergonomic}
   size_t G1HeapRegionSize                         = 1048576                                   {product} {ergonomic}
    uintx GCDrainStackTargetSize                   = 64                                        {product} {ergonomic}
   size_t InitialHeapSize                          = 134217728                                 {product} {ergonomic}
   size_t MarkStackSize                            = 4194304                                   {product} {ergonomic}
   size_t MaxHeapSize                              = 2124414976                                {product} {ergonomic}
   size_t MaxNewSize                               = 1274019840                                {product} {ergonomic}
   size_t MinHeapDeltaBytes                        = 1048576                                   {product} {ergonomic}
   size_t MinHeapSize                              = 8388608                                   {product} {ergonomic}
    uintx NonNMethodCodeHeapSize                   = 5839372                                {pd product} {ergonomic}
    uintx NonProfiledCodeHeapSize                  = 122909434                              {pd product} {ergonomic}
    uintx ProfiledCodeHeapSize                     = 122909434                              {pd product} {ergonomic}
    uintx ReservedCodeCacheSize                    = 251658240                              {pd product} {ergonomic}
     bool SegmentedCodeCache                       = true                                      {product} {ergonomic}
   size_t SoftMaxHeapSize                          = 2124414976                             {manageable} {ergonomic}
     bool UseCompressedClassPointers               = true                           {product lp64_product} {ergonomic}
     bool UseCompressedOops                        = true                           {product lp64_product} {ergonomic}
     bool UseG1GC                                  = true                                      {product} {ergonomic}
     bool UseLargePagesIndividualAllocation        = false                                  {pd product} {ergonomic}

Logging:
Log output configuration:
 #0: stdout all=warning uptime,level,tags
 #1: stderr all=off uptime,level,tags

Environment Variables:
PATH=C:\Program Files\Common Files\Oracle\Java\javapath;C:\Program Files\Microsoft MPI\Bin\;C:\Windows\system32;C:\Windows;C:\Windows\System32\Wbem;C:\Windows\System32\WindowsPowerShell\v1.0\;C:\Windows\System32\OpenSSH\;C:\Program Files\nodejs\;C:\Program Files\TortoiseSVN\bin;C:\Program Files\Git\cmd;C:\Program Files\dotnet\;C:\Program Files\Microsoft SQL Server\130\Tools\Binn\;C:\Program Files\Microsoft SQL Server\Client SDK\ODBC\170\Tools\Binn\;C:\Program Files (x86)\Microsoft SQL Server\150\Tools\Binn\;C:\Program Files\Microsoft SQL Server\150\Tools\Binn\;C:\Program Files (x86)\Microsoft SQL Server\150\DTS\Binn\;C:\Program Files\Microsoft SQL Server\150\DTS\Binn\;D:\Mongodb\bin;C:\Program Files (x86)\dotnet\;C:\Program Files\MySQL\MySQL Shell 8.0\bin\;C:\Users\longt\AppData\Local\Programs\Python\Python39\Scripts\;C:\Users\longt\AppData\Local\Programs\Python\Python39\;C:\Users\longt\AppData\Local\Microsoft\WindowsApps;C:\Users\longt\AppData\Roaming\npm;C:\Users\longt\AppData\Local\Programs\Microsoft VS Code\bin;C:\Users\longt\.dotnet\tools;C:\Program Files\Azure Data Studio\bin;D:\Mongodb\bin;;C:\Program Files\JetBrains\IntelliJ IDEA Community Edition 2021.2\bin;;C:\Program Files\JetBrains\IntelliJ IDEA 2021.2.2\bin;
USERNAME=longt
OS=Windows_NT
PROCESSOR_IDENTIFIER=Intel64 Family 6 Model 60 Stepping 3, GenuineIntel



---------------  S Y S T E M  ---------------

OS:
 Windows 10 , 64 bit Build 19041 (10.0.19041.1202)
OS uptime: 0 days 3:17 hours

CPU: total 8 (initial active 8) (4 cores per cpu, 2 threads per core) family 6 model 60 stepping 3 microcode 0x27, cx8, cmov, fxsr, ht, mmx, sse, sse2, sse3, ssse3, sse4.1, sse4.2, popcnt, lzcnt, tsc, tscinvbit, avx, avx2, aes, erms, clmul, bmi1, bmi2, fma, vzeroupper, clflush

Memory: 4k page, system-wide physical 8097M (2716M free)
TotalPageFile size 14241M (AvailPageFile size 4856M)
current process WorkingSet (physical memory assigned to process): 83M, peak: 95M
current process commit charge ("private bytes"): 240M, peak: 254M

vm_info: Java HotSpot(TM) 64-Bit Server VM (16.0.2+7-67) for windows-amd64 JRE (16.0.2+7-67), built on Jun  8 2021 23:24:19 by "mach5one" with MS VC++ 16.7 (VS2019)

END.
